0 info it worked if it ends with ok
1 verbose cli [ '/Users/wanjianxin/.nvm/versions/node/v10.14.2/bin/node',
1 verbose cli   '/Users/wanjianxin/my-project/h5-video-react/node_modules/.bin/npm',
1 verbose cli   'run',
1 verbose cli   'start' ]
2 info using npm@2.15.12
3 info using node@v10.14.2
4 warn invalid config loglevel="notice"
5 verbose run-script [ 'prestart', 'start', 'poststart' ]
6 info prestart h5-video-react@0.0.4
7 info start h5-video-react@0.0.4
8 verbose unsafe-perm in lifecycle true
9 info h5-video-react@0.0.4 Failed to exec start script
10 verbose stack Error: h5-video-react@0.0.4 start: `webpack-dev-server  --config ./scripts/webpack.config.js --mode development --open --colors`
10 verbose stack Exit status 1
10 verbose stack     at EventEmitter.<anonymous> (/Users/wanjianxin/my-project/h5-video-react/node_modules/npm/lib/utils/lifecycle.js:217:16)
10 verbose stack     at EventEmitter.emit (events.js:182:13)
10 verbose stack     at ChildProcess.<anonymous> (/Users/wanjianxin/my-project/h5-video-react/node_modules/npm/lib/utils/spawn.js:24:14)
10 verbose stack     at ChildProcess.emit (events.js:182:13)
10 verbose stack     at maybeClose (internal/child_process.js:962:16)
10 verbose stack     at Process.ChildProcess._handle.onexit (internal/child_process.js:251:5)
11 verbose pkgid h5-video-react@0.0.4
12 verbose cwd /Users/wanjianxin/my-project/h5-video-react
13 error Darwin 18.2.0
14 error argv "/Users/wanjianxin/.nvm/versions/node/v10.14.2/bin/node" "/Users/wanjianxin/my-project/h5-video-react/node_modules/.bin/npm" "run" "start"
15 error node v10.14.2
16 error npm  v2.15.12
17 error code ELIFECYCLE
18 error h5-video-react@0.0.4 start: `webpack-dev-server  --config ./scripts/webpack.config.js --mode development --open --colors`
18 error Exit status 1
19 error Failed at the h5-video-react@0.0.4 start script 'webpack-dev-server  --config ./scripts/webpack.config.js --mode development --open --colors'.
19 error This is most likely a problem with the h5-video-react package,
19 error not with npm itself.
19 error Tell the author that this fails on your system:
19 error     webpack-dev-server  --config ./scripts/webpack.config.js --mode development --open --colors
19 error You can get information on how to open an issue for this project with:
19 error     npm bugs h5-video-react
19 error Or if that isn't available, you can get their info via:
19 error
19 error     npm owner ls h5-video-react
19 error There is likely additional logging output above.
20 verbose exit [ 1, true ]
